1618076236916:help
1618076966116:print-all-products
1618077145700:print-all-students
1618077150107:help
1618077156928:print-all-products
1618077978506:help
1618077992535:get-products-by-category
1618078062141:get-all-products
1618078065919:help
1618078076330:print-all-products
1618078146454:help
1618078157515:print-products-by-category
1618078167098:help
1618078178646:get-products-by-category
1618078220970:-get-products-by-category
1618078239301:get-products-by-category
1618079008189:help
1618079022238:print-all-products
1618079029213:add-product
1618079036307:print-all-products
1618079476691:help
1618079484248:delete-product
1618079491917:print-all-products
1618079503937:delete-product
1618080167446:help
1618080179392:print-all-products
1618080194207:delete-product
1618080203142:print-all-products
1618080219002:add-product
1618080225339:print-all-products
